# JRE version: Java(TM) SE Runtime Environment (8.0_192-b12) (build 1.8.0_192-b12)
# Java VM: Java HotSpot(TM) 64-Bit Server VM (25.192-b12 mixed mode windows-amd64 compressed oops)
Heap:
 PSYoungGen      total 844800K, used 47622K [0x000000076b600000, 0x00000007a2900000, 0x00000007c0000000)
  eden space 802816K, 1% used [0x000000076b600000,0x000000076bf17a50,0x000000079c600000)
  from space 41984K, 91% used [0x00000007a0000000,0x00000007a256a018,0x00000007a2900000)
  to   space 50688K, 0% used [0x000000079c600000,0x000000079c600000,0x000000079f780000)
 ParOldGen       total 268288K, used 110804K [0x00000006c2200000, 0x00000006d2800000, 0x000000076b600000)
  object space 268288K, 41% used [0x00000006c2200000,0x00000006c8e35130,0x00000006d2800000)
 Metaspace       used 90483K, capacity 94659K, committed 94848K, reserved 1132544K
  class space    used 10870K, capacity 11593K, committed 11648K, reserved 1048576K
GC Heap History (10 events):
Event: 37.203 GC heap before
{Heap before GC invocations=25 (full 3):
 PSYoungGen      total 613376K, used 593045K [0x000000076b600000, 0x0000000798080000, 0x00000007c0000000)
  eden space 582656K, 100% used [0x000000076b600000,0x000000078ef00000,0x000000078ef00000)
  from space 30720K, 33% used [0x000000078ef00000,0x000000078f925758,0x0000000790d00000)
  to   space 29696K, 0% used [0x0000000796380000,0x0000000796380000,0x0000000798080000)
 ParOldGen       total 268288K, used 74927K [0x00000006c2200000, 0x00000006d2800000, 0x000000076b600000)
  object space 268288K, 27% used [0x00000006c2200000,0x00000006c6b2bcb0,0x00000006d2800000)
 Metaspace       used 65131K, capacity 67862K, committed 67968K, reserved 1107968K
  class space    used 7983K, capacity 8485K, committed 8576K, reserved 1048576K
Event: 37.218 GC heap after
Heap after GC invocations=25 (full 3):
 PSYoungGen      total 683520K, used 19599K [0x000000076b600000, 0x0000000797800000, 0x00000007c0000000)
  eden space 662528K, 0% used [0x000000076b600000,0x000000076b600000,0x0000000793d00000)
  from space 20992K, 93% used [0x0000000796380000,0x00000007976a3d58,0x0000000797800000)
  to   space 30208K, 0% used [0x0000000793d00000,0x0000000793d00000,0x0000000795a80000)
 ParOldGen       total 268288K, used 74935K [0x00000006c2200000, 0x00000006d2800000, 0x000000076b600000)
  object space 268288K, 27% used [0x00000006c2200000,0x00000006c6b2dcb0,0x00000006d2800000)
 Metaspace       used 65131K, capacity 67862K, committed 67968K, reserved 1107968K
  class space    used 7983K, capacity 8485K, committed 8576K, reserved 1048576K
}
Event: 41.381 GC heap before
{Heap before GC invocations=26 (full 3):
 PSYoungGen      total 683520K, used 682127K [0x000000076b600000, 0x0000000797800000, 0x00000007c0000000)
  eden space 662528K, 100% used [0x000000076b600000,0x0000000793d00000,0x0000000793d00000)
  from space 20992K, 93% used [0x0000000796380000,0x00000007976a3d58,0x0000000797800000)
  to   space 30208K, 0% used [0x0000000793d00000,0x0000000793d00000,0x0000000795a80000)
 ParOldGen       total 268288K, used 74935K [0x00000006c2200000, 0x00000006d2800000, 0x000000076b600000)
  object space 268288K, 27% used [0x00000006c2200000,0x00000006c6b2dcb0,0x00000006d2800000)
 Metaspace       used 70088K, capacity 73094K, committed 73344K, reserved 1114112K
  class space    used 8418K, capacity 8971K, committed 9088K, reserved 1048576K
Event: 41.404 GC heap after
Heap after GC invocations=26 (full 3):
 PSYoungGen      total 692736K, used 30192K [0x000000076b600000, 0x000000079d600000, 0x00000007c0000000)
  eden space 662528K, 0% used [0x000000076b600000,0x000000076b600000,0x0000000793d00000)
  from space 30208K, 99% used [0x0000000793d00000,0x0000000795a7c0f0,0x0000000795a80000)
  to   space 35840K, 0% used [0x000000079b300000,0x000000079b300000,0x000000079d600000)
 ParOldGen       total 268288K, used 78740K [0x00000006c2200000, 0x00000006d2800000, 0x000000076b600000)
  object space 268288K, 29% used [0x00000006c2200000,0x00000006c6ee52f8,0x00000006d2800000)
 Metaspace       used 70088K, capacity 73094K, committed 73344K, reserved 1114112K
  class space    used 8418K, capacity 8971K, committed 9088K, reserved 1048576K
}
Event: 44.054 GC heap before
{Heap before GC invocations=27 (full 3):
 PSYoungGen      total 692736K, used 692720K [0x000000076b600000, 0x000000079d600000, 0x00000007c0000000)
  eden space 662528K, 100% used [0x000000076b600000,0x0000000793d00000,0x0000000793d00000)
  from space 30208K, 99% used [0x0000000793d00000,0x0000000795a7c0f0,0x0000000795a80000)
  to   space 35840K, 0% used [0x000000079b300000,0x000000079b300000,0x000000079d600000)
 ParOldGen       total 268288K, used 78740K [0x00000006c2200000, 0x00000006d2800000, 0x000000076b600000)
  object space 268288K, 29% used [0x00000006c2200000,0x00000006c6ee52f8,0x00000006d2800000)
 Metaspace       used 72446K, capacity 75656K, committed 75904K, reserved 1116160K
  class space    used 8750K, capacity 9340K, committed 9344K, reserved 1048576K
Event: 44.079 GC heap after
Heap after GC invocations=27 (full 3):
 PSYoungGen      total 780288K, used 29515K [0x000000076b600000, 0x000000079de80000, 0x00000007c0000000)
  eden space 744448K, 0% used [0x000000076b600000,0x000000076b600000,0x0000000798d00000)
  from space 35840K, 82% used [0x000000079b300000,0x000000079cfd2f48,0x000000079d600000)
  to   space 38912K, 0% used [0x0000000798d00000,0x0000000798d00000,0x000000079b300000)
 ParOldGen       total 268288K, used 86480K [0x00000006c2200000, 0x00000006d2800000, 0x000000076b600000)
  object space 268288K, 32% used [0x00000006c2200000,0x00000006c76743e8,0x00000006d2800000)
 Metaspace       used 72446K, capacity 75656K, committed 75904K, reserved 1116160K
  class space    used 8750K, capacity 9340K, committed 9344K, reserved 1048576K
}
Event: 50.603 GC heap before
{Heap before GC invocations=28 (full 3):
 PSYoungGen      total 780288K, used 773963K [0x000000076b600000, 0x000000079de80000, 0x00000007c0000000)
  eden space 744448K, 100% used [0x000000076b600000,0x0000000798d00000,0x0000000798d00000)
  from space 35840K, 82% used [0x000000079b300000,0x000000079cfd2f48,0x000000079d600000)
  to   space 38912K, 0% used [0x0000000798d00000,0x0000000798d00000,0x000000079b300000)
 ParOldGen       total 268288K, used 86480K [0x00000006c2200000, 0x00000006d2800000, 0x000000076b600000)
  object space 268288K, 32% used [0x00000006c2200000,0x00000006c76743e8,0x00000006d2800000)
 Metaspace       used 77088K, capacity 80806K, committed 81024K, reserved 1120256K
  class space    used 9432K, capacity 10082K, committed 10112K, reserved 1048576K
Event: 50.647 GC heap after
Heap after GC invocations=28 (full 3):
 PSYoungGen      total 783360K, used 38880K [0x000000076b600000, 0x00000007a2d80000, 0x00000007c0000000)
  eden space 744448K, 0% used [0x000000076b600000,0x000000076b600000,0x0000000798d00000)
  from space 38912K, 99% used [0x0000000798d00000,0x000000079b2f80b0,0x000000079b300000)
  to   space 46592K, 0% used [0x00000007a0000000,0x00000007a0000000,0x00000007a2d80000)
 ParOldGen       total 268288K, used 93035K [0x00000006c2200000, 0x00000006d2800000, 0x000000076b600000)
  object space 268288K, 34% used [0x00000006c2200000,0x00000006c7cdaf98,0x00000006d2800000)
 Metaspace       used 77088K, capacity 80806K, committed 81024K, reserved 1120256K
  class space    used 9432K, capacity 10082K, committed 10112K, reserved 1048576K
}
Event: 280.026 GC heap before
{Heap before GC invocations=29 (full 3):
 PSYoungGen      total 783360K, used 783328K [0x000000076b600000, 0x00000007a2d80000, 0x00000007c0000000)
  eden space 744448K, 100% used [0x000000076b600000,0x0000000798d00000,0x0000000798d00000)
  from space 38912K, 99% used [0x0000000798d00000,0x000000079b2f80b0,0x000000079b300000)
  to   space 46592K, 0% used [0x00000007a0000000,0x00000007a0000000,0x00000007a2d80000)
 ParOldGen       total 268288K, used 93035K [0x00000006c2200000, 0x00000006d2800000, 0x000000076b600000)
  object space 268288K, 34% used [0x00000006c2200000,0x00000006c7cdaf98,0x00000006d2800000)
 Metaspace       used 90443K, capacity 94595K, committed 94848K, reserved 1132544K
  class space    used 10869K, capacity 11593K, committed 11648K, reserved 1048576K
Event: 280.066 GC heap after
Heap after GC invocations=29 (full 3):
 PSYoungGen      total 844800K, used 38312K [0x000000076b600000, 0x00000007a2900000, 0x00000007c0000000)
  eden space 802816K, 0% used [0x000000076b600000,0x000000076b600000,0x000000079c600000)
  from space 41984K, 91% used [0x00000007a0000000,0x00000007a256a018,0x00000007a2900000)
  to   space 50688K, 0% used [0x000000079c600000,0x000000079c600000,0x000000079f780000)
 ParOldGen       total 268288K, used 110804K [0x00000006c2200000, 0x00000006d2800000, 0x000000076b600000)
  object space 268288K, 41% used [0x00000006c2200000,0x00000006c8e35130,0x00000006d2800000)
 Metaspace       used 90443K, capacity 94595K, committed 94848K, reserved 1132544K
  class space    used 10869K, capacity 11593K, committed 11648K, reserved 1048576K
}

